2026-06-24T19:30:13.831+0300	INFO	livekit	server/main.go:210	starting in development mode
2026-06-24T19:30:13.834+0300	INFO	livekit	server/main.go:213	no keys provided, using placeholder keys	{"API Key": "devkey", "API Secret": "secret"}
2026-06-24T19:30:13.837+0300	ERROR	livekit	hwstats/cpu_null.go:38	CPU monitoring unsupported on current platform. Server capacity management will be disabled
github.com/livekit/protocol/utils/hwstats.newPlatformCPUMonitor
	/home/runner/go/pkg/mod/github.com/livekit/protocol@v1.46.7-0.20260605212020-c0615a2f6f84/utils/hwstats/cpu_null.go:38
github.com/livekit/protocol/utils/hwstats.NewCPUStats
	/home/runner/go/pkg/mod/github.com/livekit/protocol@v1.46.7-0.20260605212020-c0615a2f6f84/utils/hwstats/cpu.go:132
github.com/livekit/livekit-server/pkg/telemetry/prometheus.Init
	/home/runner/work/livekit/livekit/pkg/telemetry/prometheus/node.go:124
main.startServer
	/home/runner/work/livekit/livekit/cmd/server/main.go:299
github.com/urfave/cli/v3.(*Command).run
	/home/runner/go/pkg/mod/github.com/urfave/cli/v3@v3.9.0/command_run.go:365
github.com/urfave/cli/v3.(*Command).Run
	/home/runner/go/pkg/mod/github.com/urfave/cli/v3@v3.9.0/command_run.go:93
main.main
	/home/runner/work/livekit/livekit/cmd/server/main.go:190
runtime.main
	/opt/hostedtoolcache/go/1.26.4/x64/src/runtime/proc.go:290
2026-06-24T19:30:13.838+0300	INFO	livekit	routing/interfaces.go:180	using single-node routing
2026-06-24T19:30:13.942+0300	INFO	livekit	service/server.go:265	starting LiveKit server	{"portHttp": 7880, "nodeID": "ND_LSiVDsNtFNHB", "nodeIP": "192.168.1.5", "version": "1.13.1", "bindAddresses": ["127.0.0.1", "::1"], "rtc.portTCP": 7881, "rtc.portUDP": {"Start":7882,"End":0}}
2026-06-24T19:30:13.944+0300	INFO	livekit	service/server.go:267	Windows detected, capacity management is unavailable
2026-06-24T19:30:13.944+0300	DEBUG	livekit	service/signal.go:119	starting relay signal server	{"topic": "ND_LSiVDsNtFNHB"}
2026-06-24T19:31:08.303+0300	INFO	livekit	server/main.go:315	exit requested, shutting down	{"signal": "terminated", "force": false}
